[00:31:46] [main/INFO]: Environment: authHost='https://authserver.mojang.com', accountsHost='https://api.mojang.com', sessionHost='https://sessionserver.mojang.com', servicesHost='https://api.minecraftservices.com', name='PROD'
[00:31:47] [main/INFO]: Reloading ResourceManager: Default, bukkit
[00:31:47] [Worker-Main-5/INFO]: Loaded 7 recipes
[00:31:48] [Server thread/INFO]: Starting minecraft server version 1.16.5
[00:31:48] [Server thread/INFO]: Loading properties
[00:31:48] [Server thread/INFO]: This server is running Paper version git-Paper-520 (MC: 1.16.5) (Implementing API version 1.16.5-R0.1-SNAPSHOT)
[00:31:48] [Server thread/INFO]: Debug logging is disabled
[00:31:48] [Server thread/INFO]: Server Ping Player Sample Count: 12
[00:31:48] [Server thread/INFO]: Using 4 threads for Netty based IO
[00:31:48] [Server thread/INFO]: Default game type: SURVIVAL
[00:31:48] [Server thread/INFO]: Generating keypair
[00:31:49] [Server thread/INFO]: Starting Minecraft server on *:25565
[00:31:49] [Server thread/INFO]: Using default channel type
[00:31:49] [Server thread/INFO]: [Blue_Marble] Loading Blue_Marble v1.0
[00:31:49] [Server thread/INFO]: [WorldEdit] Loading WorldEdit v7.2.2+fc3c499
[00:31:50] [Server thread/INFO]: Got request to register class com.sk89q.worldedit.bukkit.BukkitServerInterface with WorldEdit [com.sk89q.worldedit.extension.platform.PlatformManager@448dde13]
[00:31:50] [Server thread/INFO]: Server permissions file permissions.yml is empty, ignoring it
[00:31:50] [Server thread/INFO]: [WorldEdit] Enabling WorldEdit v7.2.2+fc3c499
[00:31:50] [Server thread/INFO]: WEPIF: Using the Bukkit Permissions API.
[00:31:50] [Server thread/INFO]: Using com.sk89q.worldedit.bukkit.adapter.impl.Spigot_v1_16_R3 as the Bukkit adapter
[00:31:51] [Server thread/INFO]: Preparing level "world"
[00:31:51] [Server thread/INFO]: Registering commands with com.sk89q.worldedit.bukkit.BukkitServerInterface
[00:31:51] [Server thread/INFO]: Preparing start region for dimension minecraft:overworld
[00:31:52] [Server thread/INFO]: Loaded 0 spawn chunks for world world
[00:31:52] [Server thread/INFO]: Preparing spawn area: 0%
[00:31:52] [Server thread/INFO]: Time elapsed: 369 ms
[00:31:52] [Server thread/INFO]: Preparing start region for dimension minecraft:the_nether
[00:31:52] [Server thread/INFO]: Loaded 0 spawn chunks for world world_nether
[00:31:52] [Server thread/INFO]: Preparing spawn area: 0%
[00:31:52] [Server thread/INFO]: Time elapsed: 162 ms
[00:31:52] [Server thread/INFO]: Preparing start region for dimension minecraft:the_end
[00:31:52] [Server thread/INFO]: Loaded 0 spawn chunks for world world_the_end
[00:31:52] [Server thread/INFO]: Time elapsed: 165 ms
[00:31:52] [Server thread/INFO]: [Blue_Marble] Enabling Blue_Marble v1.0
[00:31:52] [Server thread/ERROR]: Error occurred while enabling Blue_Marble v1.0 (Is it up to date?)
java.lang.NoClassDefFoundError: kotlin/jvm/functions/Function1
	at java.lang.ClassLoader.defineClass1(Native Method) ~[?:?]
	at java.lang.ClassLoader.defineClass(ClassLoader.java:1016) ~[?:?]
	at java.security.SecureClassLoader.defineClass(SecureClassLoader.java:151) ~[?:?]
	at org.bukkit.plugin.java.PluginClassLoader.findClass(PluginClassLoader.java:178) ~[patched_1.16.5.jar:git-Paper-520]
	at org.bukkit.plugin.java.JavaPluginLoader.getClassByName(JavaPluginLoader.java:216) ~[patched_1.16.5.jar:git-Paper-520]
	at org.bukkit.plugin.java.PluginClassLoader.findClass(PluginClassLoader.java:122) ~[patched_1.16.5.jar:git-Paper-520]
	at org.bukkit.plugin.java.PluginClassLoader.findClass(PluginClassLoader.java:111) ~[patched_1.16.5.jar:git-Paper-520]
	at java.lang.ClassLoader.loadClass(ClassLoader.java:589) ~[?:?]
	at java.lang.ClassLoader.loadClass(ClassLoader.java:522) ~[?:?]
	at com.github.chal2andev.bluemarble.plugin.BlueMarblePlugin.setupCommands(BlueMarblePlugin.kt:16) ~[?:?]
	at com.github.chal2andev.bluemarble.plugin.BlueMarblePlugin.onEnable(BlueMarblePlugin.kt:9) ~[?:?]
	at org.bukkit.plugin.java.JavaPlugin.setEnabled(JavaPlugin.java:263) ~[patched_1.16.5.jar:git-Paper-520]
	at org.bukkit.plugin.java.JavaPluginLoader.enablePlugin(JavaPluginLoader.java:380) ~[patched_1.16.5.jar:git-Paper-520]
	at org.bukkit.plugin.SimplePluginManager.enablePlugin(SimplePluginManager.java:483) ~[patched_1.16.5.jar:git-Paper-520]
	at org.bukkit.craftbukkit.v1_16_R3.CraftServer.enablePlugin(CraftServer.java:501) ~[patched_1.16.5.jar:git-Paper-520]
	at org.bukkit.craftbukkit.v1_16_R3.CraftServer.enablePlugins(CraftServer.java:415) ~[patched_1.16.5.jar:git-Paper-520]
	at net.minecraft.server.v1_16_R3.MinecraftServer.loadWorld(MinecraftServer.java:466) ~[patched_1.16.5.jar:git-Paper-520]
	at net.minecraft.server.v1_16_R3.DedicatedServer.init(DedicatedServer.java:239) ~[patched_1.16.5.jar:git-Paper-520]
	at net.minecraft.server.v1_16_R3.MinecraftServer.w(MinecraftServer.java:941) ~[patched_1.16.5.jar:git-Paper-520]
	at net.minecraft.server.v1_16_R3.MinecraftServer.lambda$a$0(MinecraftServer.java:175) ~[patched_1.16.5.jar:git-Paper-520]
	at java.lang.Thread.run(Thread.java:832) [?:?]
Caused by: java.lang.ClassNotFoundException: kotlin.jvm.functions.Function1
	at java.net.URLClassLoader.findClass(URLClassLoader.java:435) ~[?:?]
	at org.bukkit.plugin.java.PluginClassLoader.findClass(PluginClassLoader.java:182) ~[patched_1.16.5.jar:git-Paper-520]
	at org.bukkit.plugin.java.PluginClassLoader.findClass(PluginClassLoader.java:111) ~[patched_1.16.5.jar:git-Paper-520]
	at java.lang.ClassLoader.loadClass(ClassLoader.java:589) ~[?:?]
	at java.lang.ClassLoader.loadClass(ClassLoader.java:522) ~[?:?]
	... 21 more
[00:31:52] [Server thread/INFO]: [Blue_Marble] Disabling Blue_Marble v1.0
[00:31:52] [Server thread/INFO]: Running delayed init tasks
[00:31:52] [Server thread/INFO]: Done (4.078s)! For help, type "help"
[00:31:52] [Server thread/INFO]: Timings Reset
[00:34:06] [Server thread/INFO]: Stopping the server
[00:34:06] [Server thread/INFO]: Stopping server
[00:34:06] [Server thread/INFO]: [WorldEdit] Disabling WorldEdit v7.2.2+fc3c499
[00:34:06] [Server thread/INFO]: Unregistering com.sk89q.worldedit.bukkit.BukkitServerInterface from WorldEdit
[00:34:06] [Server thread/INFO]: Saving players
[00:34:06] [Server thread/INFO]: Saving worlds
[00:34:06] [Server thread/INFO]: Saving chunks for level 'ServerLevel[world]'/minecraft:overworld
[00:34:06] [Server thread/INFO]: ThreadedAnvilChunkStorage (world): All chunks are saved
[00:34:06] [Server thread/INFO]: Saving chunks for level 'ServerLevel[world_nether]'/minecraft:the_nether
[00:34:07] [Server thread/INFO]: ThreadedAnvilChunkStorage (DIM-1): All chunks are saved
[00:34:07] [Server thread/INFO]: Saving chunks for level 'ServerLevel[world_the_end]'/minecraft:the_end
[00:34:07] [Server thread/INFO]: ThreadedAnvilChunkStorage (DIM1): All chunks are saved
[00:34:07] [Server thread/INFO]: ThreadedAnvilChunkStorage (world): All chunks are saved
[00:34:07] [Server thread/INFO]: ThreadedAnvilChunkStorage (DIM-1): All chunks are saved
[00:34:07] [Server thread/INFO]: ThreadedAnvilChunkStorage (DIM1): All chunks are saved
[00:34:07] [Server thread/INFO]: Flushing Chunk IO
[00:34:07] [Server thread/INFO]: Closing Thread Pool
[00:34:07] [Server thread/INFO]: Closing Server
